<?xml version="1.0" encoding="UTF-8"?>
<!-- Generated by org.testng.reporters.JUnitXMLReporter -->
<testsuite hostname="DESKTOP-2NCSKNE" ignored="0" name="Default test" tests="3" failures="0" timestamp="2020-04-05T17:58:58 CEST" time="17.81" errors="0">
  <testcase name="cartTest" time="11.732" classname="tests.CartTest"/>
  <testcase name="cartSumTotalTest" time="0.806" classname="tests.CartTest"/>
  <testcase name="clearCookiestest" time="0.406" classname="tests.CartTest"/>
</testsuite> <!-- Default test -->
