<?xml version="1.0" encoding="UTF-8"?>
<!-- Generated by org.testng.reporters.JUnitXMLReporter -->
<testsuite hostname="DESKTOP-2NCSKNE" ignored="0" name="Default test" tests="3" failures="0" timestamp="2020-04-10T23:43:30 CEST" time="40.434" errors="0">
  <testcase name="cartTest" time="19.01" classname="tests.CartTest"/>
  <testcase name="cartSumTotalTest" time="0.817" classname="tests.CartTest"/>
  <testcase name="clearCookiesTest" time="4.344" classname="tests.CartTest"/>
</testsuite> <!-- Default test -->
